2025-09-28 00:46:17,341 INFO app.vpn_connection Prepared profile at C:\Users\Opaop\OpenVPN\config\eduard.ordean@el-mont.ro-Brezoaia-PT-clean.ovpn
2025-09-28 00:46:17,413 INFO app.vpn_connection Issued connect command via C:\Program Files\OpenVPN\bin\openvpn-gui.exe (pid=2376)
2025-09-28 00:46:19,477 WARNING app.vpn_connection VPN IP not found - check if OpenVPN tunnel is up.
2025-09-28 00:46:21,495 WARNING app.vpn_connection VPN IP not found - check if OpenVPN tunnel is up.
2025-09-28 00:46:24,523 WARNING app.vpn_connection VPN IP not found - check if OpenVPN tunnel is up.
2025-09-28 00:46:29,031 INFO app.vpn_connection Obtained VPN interface IP 192.168.255.10
2025-09-28 00:46:32,937 INFO app.vpn_connection UMG health attempt 1: ping=False tcp=False
2025-09-28 00:46:35,275 INFO app.vpn_connection UMG health attempt 2: ping=True tcp=True
2025-09-28 00:46:35,277 INFO app.vpn_connection VPN connected: ip=192.168.255.10 ping=True tcp=True pid=12976
2025-09-28 00:46:40,583 INFO app.vpn_connection UMG health attempt 1: ping=True tcp=True
2025-09-28 00:46:47,428 INFO app.vpn_connection Disconnect command sent for profile eduard.ordean@el-mont.ro-Brezoaia-PT-clean
2025-09-28 00:46:51,080 INFO app.vpn_connection Profile eduard.ordean@el-mont.ro-Brezoaia-PT-clean disconnected
2025-09-28 00:46:51,209 WARNING app.vpn_connection VPN IP not found - check if OpenVPN tunnel is up.
2025-09-28 00:52:21,112 INFO app.vpn_connection Prepared profile at C:\Users\Opaop\OpenVPN\config\eduard.ordean@el-mont.ro-Brezoaia-PT-clean.ovpn
2025-09-28 00:52:21,174 INFO app.vpn_connection Issued connect command via C:\Program Files\OpenVPN\bin\openvpn-gui.exe (pid=18392)
2025-09-28 00:52:23,231 WARNING app.vpn_connection VPN IP not found - check if OpenVPN tunnel is up.
2025-09-28 00:52:25,243 WARNING app.vpn_connection VPN IP not found - check if OpenVPN tunnel is up.
2025-09-28 00:52:28,253 WARNING app.vpn_connection VPN IP not found - check if OpenVPN tunnel is up.
2025-09-28 00:52:32,768 INFO app.vpn_connection Obtained VPN interface IP 192.168.255.10
2025-09-28 00:52:39,406 INFO app.vpn_connection UMG health attempt 1: ping=False tcp=False
2025-09-28 00:52:41,748 INFO app.vpn_connection UMG health attempt 2: ping=True tcp=True
2025-09-28 00:52:41,748 INFO app.vpn_connection VPN connected: ip=192.168.255.10 ping=True tcp=True pid=19472
2025-09-28 00:53:01,812 INFO app.vpn_connection UMG health attempt 1: ping=False tcp=False
2025-09-28 00:53:11,834 INFO app.vpn_connection UMG health attempt 1: ping=True tcp=True
2025-09-28 00:53:20,910 INFO app.vpn_connection Disconnect command sent for profile eduard.ordean@el-mont.ro-Brezoaia-PT-clean
2025-09-28 00:53:24,528 INFO app.vpn_connection Profile eduard.ordean@el-mont.ro-Brezoaia-PT-clean disconnected
2025-09-28 00:53:24,571 WARNING app.vpn_connection VPN IP not found - check if OpenVPN tunnel is up.
2025-09-28 00:59:21,406 INFO app.vpn_connection Prepared profile at C:\Users\Opaop\OpenVPN\config\eduard.ordean@el-mont.ro-Brezoaia-PT-clean.ovpn
2025-09-28 00:59:21,486 INFO app.vpn_connection Issued connect command via C:\Program Files\OpenVPN\bin\openvpn-gui.exe (pid=17744)
2025-09-28 00:59:23,573 WARNING app.vpn_connection VPN IP not found - check if OpenVPN tunnel is up.
2025-09-28 00:59:25,586 WARNING app.vpn_connection VPN IP not found - check if OpenVPN tunnel is up.
2025-09-28 00:59:28,602 WARNING app.vpn_connection VPN IP not found - check if OpenVPN tunnel is up.
2025-09-28 00:59:33,120 INFO app.vpn_connection Obtained VPN interface IP 192.168.255.10
2025-09-28 00:59:36,914 INFO app.vpn_connection UMG health attempt 1: ping=False tcp=False
2025-09-28 00:59:39,268 INFO app.vpn_connection UMG health attempt 2: ping=True tcp=True
2025-09-28 00:59:39,273 INFO app.vpn_connection VPN connected: ip=192.168.255.10 ping=True tcp=True pid=21792
2025-09-28 00:59:52,511 INFO app.vpn_connection Disconnect command sent for profile eduard.ordean@el-mont.ro-Brezoaia-PT-clean
2025-09-28 00:59:56,110 INFO app.vpn_connection Profile eduard.ordean@el-mont.ro-Brezoaia-PT-clean disconnected
2025-09-28 00:59:56,151 WARNING app.vpn_connection VPN IP not found - check if OpenVPN tunnel is up.
2025-09-28 01:13:31,587 WARNING app.vpn_connection VPN IP not found - check if OpenVPN tunnel is up.
2025-09-28 01:13:31,677 INFO app.vpn_connection Prepared profile at C:\Users\Opaop\OpenVPN\config\eduard.ordean@el-mont.ro-Brezoaia-PT-clean.ovpn
2025-09-28 01:13:31,742 INFO app.vpn_connection Issued connect command via C:\Program Files\OpenVPN\bin\openvpn-gui.exe (pid=18044)
2025-09-28 01:13:33,802 WARNING app.vpn_connection VPN IP not found - check if OpenVPN tunnel is up.
2025-09-28 01:13:35,821 WARNING app.vpn_connection VPN IP not found - check if OpenVPN tunnel is up.
2025-09-28 01:13:38,843 WARNING app.vpn_connection VPN IP not found - check if OpenVPN tunnel is up.
2025-09-28 01:13:43,360 INFO app.vpn_connection Obtained VPN interface IP 192.168.255.10
2025-09-28 01:13:47,396 INFO app.vpn_connection UMG health attempt 1: ping=False tcp=False
2025-09-28 01:13:49,735 INFO app.vpn_connection UMG health attempt 2: ping=True tcp=True
2025-09-28 01:13:49,737 INFO app.vpn_connection VPN connected: ip=192.168.255.10 ping=True tcp=True pid=17716
2025-09-28 01:13:50,608 INFO app.vpn_connection Disconnect command sent for profile eduard.ordean@el-mont.ro-Brezoaia-PT-clean
2025-09-28 01:13:54,283 INFO app.vpn_connection Profile eduard.ordean@el-mont.ro-Brezoaia-PT-clean disconnected
2025-09-28 01:13:54,283 ERROR __main__ Command failed: Big
Traceback (most recent call last):
  File "C:\Users\Opaop\Desktop\Prognoza-AI-Solar\app\__main__.py", line 113, in main
    result = _run_poll_once()
  File "C:\Users\Opaop\Desktop\Prognoza-AI-Solar\app\__main__.py", line 74, in _run_poll_once
    return poll_once()
  File "C:\Users\Opaop\Desktop\Prognoza-AI-Solar\app\poll.py", line 42, in poll_once
    readings = client.read_registers()
  File "C:\Users\Opaop\Desktop\Prognoza-AI-Solar\app\janitza_client.py", line 92, in read_registers
    value = self._read_float(client, address)
  File "C:\Users\Opaop\Desktop\Prognoza-AI-Solar\app\janitza_client.py", line 112, in _read_float
    byteorder=Endian.Big,
  File "C:\Users\Opaop\AppData\Local\Programs\Python\Python39\lib\enum.py", line 429, in __getattr__
    raise AttributeError(name) from None
AttributeError: Big
2025-09-28 01:14:18,652 WARNING app.vpn_connection VPN IP not found - check if OpenVPN tunnel is up.
2025-09-28 01:14:18,768 INFO app.vpn_connection Prepared profile at C:\Users\Opaop\OpenVPN\config\eduard.ordean@el-mont.ro-Brezoaia-PT-clean.ovpn
2025-09-28 01:14:18,822 INFO app.vpn_connection Issued connect command via C:\Program Files\OpenVPN\bin\openvpn-gui.exe (pid=5400)
2025-09-28 01:14:20,897 WARNING app.vpn_connection VPN IP not found - check if OpenVPN tunnel is up.
2025-09-28 01:14:22,919 WARNING app.vpn_connection VPN IP not found - check if OpenVPN tunnel is up.
2025-09-28 01:14:25,951 WARNING app.vpn_connection VPN IP not found - check if OpenVPN tunnel is up.
2025-09-28 01:14:30,465 INFO app.vpn_connection Obtained VPN interface IP 192.168.255.10
2025-09-28 01:14:34,407 INFO app.vpn_connection UMG health attempt 1: ping=False tcp=False
2025-09-28 01:14:37,317 INFO app.vpn_connection UMG health attempt 2: ping=True tcp=True
2025-09-28 01:14:37,319 INFO app.vpn_connection VPN connected: ip=192.168.255.10 ping=True tcp=True pid=21392
2025-09-28 01:14:40,639 INFO app.vpn_connection Disconnect command sent for profile eduard.ordean@el-mont.ro-Brezoaia-PT-clean
2025-09-28 01:14:44,238 INFO app.vpn_connection Profile eduard.ordean@el-mont.ro-Brezoaia-PT-clean disconnected
2025-09-28 01:14:53,883 WARNING app.vpn_connection VPN IP not found - check if OpenVPN tunnel is up.
2025-09-28 01:14:53,940 INFO app.vpn_connection Prepared profile at C:\Users\Opaop\OpenVPN\config\eduard.ordean@el-mont.ro-Brezoaia-PT-clean.ovpn
2025-09-28 01:14:53,974 INFO app.vpn_connection Issued connect command via C:\Program Files\OpenVPN\bin\openvpn-gui.exe (pid=10976)
2025-09-28 01:14:56,054 WARNING app.vpn_connection VPN IP not found - check if OpenVPN tunnel is up.
2025-09-28 01:14:58,075 WARNING app.vpn_connection VPN IP not found - check if OpenVPN tunnel is up.
2025-09-28 01:15:01,100 WARNING app.vpn_connection VPN IP not found - check if OpenVPN tunnel is up.
2025-09-28 01:15:05,625 WARNING app.vpn_connection VPN IP not found - check if OpenVPN tunnel is up.
2025-09-28 01:15:12,395 INFO app.vpn_connection Obtained VPN interface IP 192.168.255.10
2025-09-28 01:15:12,874 INFO app.vpn_connection UMG health attempt 1: ping=True tcp=True
2025-09-28 01:15:12,875 INFO app.vpn_connection VPN connected: ip=192.168.255.10 ping=True tcp=True pid=22944
2025-09-28 01:15:15,853 INFO app.vpn_connection Disconnect command sent for profile eduard.ordean@el-mont.ro-Brezoaia-PT-clean
2025-09-28 01:15:19,471 INFO app.vpn_connection Profile eduard.ordean@el-mont.ro-Brezoaia-PT-clean disconnected
2025-09-28 01:15:25,507 WARNING app.vpn_connection VPN IP not found - check if OpenVPN tunnel is up.
2025-09-28 01:15:25,565 INFO app.vpn_connection Prepared profile at C:\Users\Opaop\OpenVPN\config\eduard.ordean@el-mont.ro-Brezoaia-PT-clean.ovpn
2025-09-28 01:15:25,601 INFO app.vpn_connection Issued connect command via C:\Program Files\OpenVPN\bin\openvpn-gui.exe (pid=1080)
2025-09-28 01:15:27,670 WARNING app.vpn_connection VPN IP not found - check if OpenVPN tunnel is up.
2025-09-28 01:15:29,687 WARNING app.vpn_connection VPN IP not found - check if OpenVPN tunnel is up.
2025-09-28 01:15:32,698 WARNING app.vpn_connection VPN IP not found - check if OpenVPN tunnel is up.
2025-09-28 01:15:37,221 INFO app.vpn_connection Obtained VPN interface IP 192.168.255.10
2025-09-28 01:15:40,895 INFO app.vpn_connection UMG health attempt 1: ping=False tcp=False
2025-09-28 01:15:43,301 INFO app.vpn_connection UMG health attempt 2: ping=True tcp=True
2025-09-28 01:15:43,301 INFO app.vpn_connection VPN connected: ip=192.168.255.10 ping=True tcp=True pid=19300
2025-09-28 01:15:46,201 INFO app.vpn_connection Disconnect command sent for profile eduard.ordean@el-mont.ro-Brezoaia-PT-clean
2025-09-28 01:15:50,027 INFO app.vpn_connection Profile eduard.ordean@el-mont.ro-Brezoaia-PT-clean disconnected
2025-09-28 20:25:45,229 WARNING app.vpn_connection VPN IP not found - check if OpenVPN tunnel is up.
2025-09-28 20:25:45,308 INFO app.vpn_connection Prepared profile at C:\Users\Opaop\OpenVPN\config\eduard.ordean@el-mont.ro-Brezoaia-PT-clean.ovpn
2025-09-28 20:25:45,426 INFO app.vpn_connection Issued connect command via C:\Program Files\OpenVPN\bin\openvpn-gui.exe (pid=37816)
2025-09-28 20:25:47,545 WARNING app.vpn_connection VPN IP not found - check if OpenVPN tunnel is up.
2025-09-28 20:25:49,578 WARNING app.vpn_connection VPN IP not found - check if OpenVPN tunnel is up.
2025-09-28 20:25:52,601 WARNING app.vpn_connection VPN IP not found - check if OpenVPN tunnel is up.
2025-09-28 20:25:57,147 INFO app.vpn_connection Obtained VPN interface IP 192.168.255.10
2025-09-28 20:26:00,899 INFO app.vpn_connection UMG health attempt 1: ping=False tcp=False
2025-09-28 20:26:06,891 INFO app.vpn_connection UMG health attempt 2: ping=False tcp=False
2025-09-28 20:26:10,546 INFO app.vpn_connection UMG health attempt 3: ping=True tcp=True
2025-09-28 20:26:10,549 INFO app.vpn_connection VPN connected: ip=192.168.255.10 ping=True tcp=True pid=25976
2025-09-28 20:26:18,898 ERROR pymodbus.logging Connection to (192.168.1.30, 502) failed: timed out
2025-09-28 20:26:22,107 ERROR pymodbus.logging Connection to (192.168.1.30, 502) failed: timed out
2025-09-28 20:26:25,331 ERROR pymodbus.logging Connection to (192.168.1.30, 502) failed: timed out
2025-09-28 20:26:27,914 ERROR pymodbus.logging Connection to (192.168.1.30, 502) failed: [WinError 10053] An established connection was aborted by the software in your host machine
2025-09-28 20:26:31,132 ERROR pymodbus.logging Connection to (192.168.1.30, 502) failed: timed out
2025-09-28 20:26:34,347 ERROR pymodbus.logging Connection to (192.168.1.30, 502) failed: timed out
2025-09-28 20:26:38,094 INFO app.vpn_connection Disconnect command sent for profile eduard.ordean@el-mont.ro-Brezoaia-PT-clean
2025-09-28 20:26:41,717 INFO app.vpn_connection Profile eduard.ordean@el-mont.ro-Brezoaia-PT-clean disconnected
2025-09-28 20:26:41,717 ERROR app.poll Polling cycle failed: 'str' object has no attribute 'csv'
Traceback (most recent call last):
  File "C:\Users\Opaop\Desktop\Prognoza-AI-Solar\app\poll.py", line 170, in poll_loop
    payload = poll_once(target_time=target_time)
  File "C:\Users\Opaop\Desktop\Prognoza-AI-Solar\app\poll.py", line 120, in poll_once
    row, csv_path = client.export_csv(
  File "C:\Users\Opaop\Desktop\Prognoza-AI-Solar\app\janitza_client.py", line 180, in export_csv
    csv_path = exports_dir / f"umg_readings_{timestamp.date().isoformat()}".csv
AttributeError: 'str' object has no attribute 'csv'
2025-09-28 20:26:41,788 WARNING app.vpn_connection VPN IP not found - check if OpenVPN tunnel is up.
2025-09-28 20:26:41,844 INFO app.vpn_connection Prepared profile at C:\Users\Opaop\OpenVPN\config\eduard.ordean@el-mont.ro-Brezoaia-PT-clean.ovpn
2025-09-28 20:26:41,929 INFO app.vpn_connection Issued connect command via C:\Program Files\OpenVPN\bin\openvpn-gui.exe (pid=37668)
2025-09-28 20:26:44,031 WARNING app.vpn_connection VPN IP not found - check if OpenVPN tunnel is up.
2025-09-28 20:26:46,046 WARNING app.vpn_connection VPN IP not found - check if OpenVPN tunnel is up.
2025-09-28 20:26:49,075 WARNING app.vpn_connection VPN IP not found - check if OpenVPN tunnel is up.
2025-09-28 20:26:53,587 INFO app.vpn_connection Obtained VPN interface IP 192.168.255.10
2025-09-28 20:26:57,391 INFO app.vpn_connection UMG health attempt 1: ping=False tcp=False
2025-09-28 20:26:59,798 INFO app.vpn_connection UMG health attempt 2: ping=True tcp=True
2025-09-28 20:26:59,798 INFO app.vpn_connection VPN connected: ip=192.168.255.10 ping=True tcp=True pid=37236
2025-09-28 20:27:05,144 INFO app.vpn_connection Disconnect command sent for profile eduard.ordean@el-mont.ro-Brezoaia-PT-clean
2025-09-28 20:27:08,775 INFO app.vpn_connection Profile eduard.ordean@el-mont.ro-Brezoaia-PT-clean disconnected
2025-09-28 20:27:08,775 ERROR app.poll Polling cycle failed: 'str' object has no attribute 'csv'
Traceback (most recent call last):
  File "C:\Users\Opaop\Desktop\Prognoza-AI-Solar\app\poll.py", line 170, in poll_loop
    payload = poll_once(target_time=target_time)
  File "C:\Users\Opaop\Desktop\Prognoza-AI-Solar\app\poll.py", line 120, in poll_once
    row, csv_path = client.export_csv(
  File "C:\Users\Opaop\Desktop\Prognoza-AI-Solar\app\janitza_client.py", line 180, in export_csv
    csv_path = exports_dir / f"umg_readings_{timestamp.date().isoformat()}".csv
AttributeError: 'str' object has no attribute 'csv'
2025-09-28 20:28:45,251 WARNING app.vpn_connection VPN IP not found - check if OpenVPN tunnel is up.
2025-09-28 20:28:45,321 INFO app.vpn_connection Prepared profile at C:\Users\Opaop\OpenVPN\config\eduard.ordean@el-mont.ro-Brezoaia-PT-clean.ovpn
2025-09-28 20:28:45,441 INFO app.vpn_connection Issued connect command via C:\Program Files\OpenVPN\bin\openvpn-gui.exe (pid=30368)
2025-09-28 20:28:47,540 WARNING app.vpn_connection VPN IP not found - check if OpenVPN tunnel is up.
2025-09-28 20:28:49,561 WARNING app.vpn_connection VPN IP not found - check if OpenVPN tunnel is up.
2025-09-28 20:28:52,585 WARNING app.vpn_connection VPN IP not found - check if OpenVPN tunnel is up.
2025-09-28 20:28:57,093 WARNING app.vpn_connection VPN IP not found - check if OpenVPN tunnel is up.
2025-09-28 20:29:03,866 INFO app.vpn_connection Obtained VPN interface IP 192.168.255.10
2025-09-28 20:29:04,234 INFO app.vpn_connection UMG health attempt 1: ping=True tcp=True
2025-09-28 20:29:04,234 INFO app.vpn_connection VPN connected: ip=192.168.255.10 ping=True tcp=True pid=13396
2025-09-28 20:29:09,080 INFO app.vpn_connection Disconnect command sent for profile eduard.ordean@el-mont.ro-Brezoaia-PT-clean
2025-09-28 20:29:12,806 INFO app.vpn_connection Profile eduard.ordean@el-mont.ro-Brezoaia-PT-clean disconnected
2025-09-28 20:29:12,906 WARNING app.vpn_connection VPN IP not found - check if OpenVPN tunnel is up.
2025-09-28 20:29:12,986 INFO app.vpn_connection Prepared profile at C:\Users\Opaop\OpenVPN\config\eduard.ordean@el-mont.ro-Brezoaia-PT-clean.ovpn
2025-09-28 20:29:13,107 INFO app.vpn_connection Issued connect command via C:\Program Files\OpenVPN\bin\openvpn-gui.exe (pid=26972)
2025-09-28 20:29:15,191 WARNING app.vpn_connection VPN IP not found - check if OpenVPN tunnel is up.
2025-09-28 20:29:17,204 WARNING app.vpn_connection VPN IP not found - check if OpenVPN tunnel is up.
2025-09-28 20:29:20,228 WARNING app.vpn_connection VPN IP not found - check if OpenVPN tunnel is up.
2025-09-28 20:29:24,741 INFO app.vpn_connection Obtained VPN interface IP 192.168.255.10
2025-09-28 20:29:28,398 INFO app.vpn_connection UMG health attempt 1: ping=False tcp=False
2025-09-28 20:29:30,889 INFO app.vpn_connection UMG health attempt 2: ping=True tcp=True
2025-09-28 20:29:30,889 INFO app.vpn_connection VPN connected: ip=192.168.255.10 ping=True tcp=True pid=6968
2025-09-28 20:29:35,609 INFO app.vpn_connection Disconnect command sent for profile eduard.ordean@el-mont.ro-Brezoaia-PT-clean
2025-09-28 20:29:39,774 INFO app.vpn_connection Profile eduard.ordean@el-mont.ro-Brezoaia-PT-clean disconnected
